

***********************************************************************
Fatal NI connect error 12505, connecting to:
 (DESCRIPTION=(ADDRESS_LIST=(ADDRESS=(PROTOCOL=TCP)(HOST=192.168.1.142)(PORT=1521)))(CONNECT_DATA=(SID=zknet10_test)(CID=(PROGRAM=D:\django_python10\Python25\python.exe)(HOST=2011-20120621LR)(USER=Administrator))))

  VERSION INFORMATION:
	TNS for 32-bit Windows: Version 11.2.0.3.0 - Production
	Windows NT TCP/IP NT Protocol Adapter for 32-bit Windows: Version 11.2.0.3.0 - Production
  Time: 09-DEC-2014 10:19:52
  Tracing not turned on.
  Tns error struct:
    ns main err code: 12564
    TNS-12564: Message 12564 not found; No message file for product=NETWORK, facility=TNS
    ns secondary err code: 0
    nt main err code: 0
    nt secondary err code: 0
    nt OS err code: 0


***********************************************************************
Fatal NI connect error 12505, connecting to:
 (DESCRIPTION=(ADDRESS_LIST=(ADDRESS=(PROTOCOL=TCP)(HOST=192.168.1.142)(PORT=1521)))(CONNECT_DATA=(SID=zknet10_test)(CID=(PROGRAM=D:\django_python10\Python25\python.exe)(HOST=2011-20120621LR)(USER=Administrator))))

  VERSION INFORMATION:
	TNS for 32-bit Windows: Version 11.2.0.3.0 - Production
	Windows NT TCP/IP NT Protocol Adapter for 32-bit Windows: Version 11.2.0.3.0 - Production
  Time: 09-DEC-2014 10:19:52
  Tracing not turned on.
  Tns error struct:
    ns main err code: 12564
    TNS-12564: Message 12564 not found; No message file for product=NETWORK, facility=TNS
    ns secondary err code: 0
    nt main err code: 0
    nt secondary err code: 0
    nt OS err code: 0


***********************************************************************
Fatal NI connect error 12505, connecting to:
 (DESCRIPTION=(ADDRESS_LIST=(ADDRESS=(PROTOCOL=TCP)(HOST=192.168.1.142)(PORT=1521)))(CONNECT_DATA=(SID=zknet10_test)(CID=(PROGRAM=D:\django_python10\Python25\python.exe)(HOST=2011-20120621LR)(USER=Administrator))))

  VERSION INFORMATION:
	TNS for 32-bit Windows: Version 11.2.0.3.0 - Production
	Windows NT TCP/IP NT Protocol Adapter for 32-bit Windows: Version 11.2.0.3.0 - Production
  Time: 09-DEC-2014 10:19:52
  Tracing not turned on.
  Tns error struct:
    ns main err code: 12564
    TNS-12564: Message 12564 not found; No message file for product=NETWORK, facility=TNS
    ns secondary err code: 0
    nt main err code: 0
    nt secondary err code: 0
    nt OS err code: 0


***********************************************************************
Fatal NI connect error 12505, connecting to:
 (DESCRIPTION=(ADDRESS_LIST=(ADDRESS=(PROTOCOL=TCP)(HOST=192.168.1.142)(PORT=1521)))(CONNECT_DATA=(SID=zknet10_test)(CID=(PROGRAM=D:\django_python10\Python25\python.exe)(HOST=2011-20120621LR)(USER=Administrator))))

  VERSION INFORMATION:
	TNS for 32-bit Windows: Version 11.2.0.3.0 - Production
	Windows NT TCP/IP NT Protocol Adapter for 32-bit Windows: Version 11.2.0.3.0 - Production
  Time: 09-DEC-2014 10:19:52
  Tracing not turned on.
  Tns error struct:
    ns main err code: 12564
    TNS-12564: Message 12564 not found; No message file for product=NETWORK, facility=TNS
    ns secondary err code: 0
    nt main err code: 0
    nt secondary err code: 0
    nt OS err code: 0


***********************************************************************
Fatal NI connect error 12505, connecting to:
 (DESCRIPTION=(ADDRESS_LIST=(ADDRESS=(PROTOCOL=TCP)(HOST=192.168.1.142)(PORT=1521)))(CONNECT_DATA=(SID=zknet10_test)(CID=(PROGRAM=D:\django_python10\Python25\python.exe)(HOST=2011-20120621LR)(USER=Administrator))))

  VERSION INFORMATION:
	TNS for 32-bit Windows: Version 11.2.0.3.0 - Production
	Windows NT TCP/IP NT Protocol Adapter for 32-bit Windows: Version 11.2.0.3.0 - Production
  Time: 09-DEC-2014 10:23:35
  Tracing not turned on.
  Tns error struct:
    ns main err code: 12564
    TNS-12564: Message 12564 not found; No message file for product=NETWORK, facility=TNS
    ns secondary err code: 0
    nt main err code: 0
    nt secondary err code: 0
    nt OS err code: 0


***********************************************************************
Fatal NI connect error 12505, connecting to:
 (DESCRIPTION=(ADDRESS_LIST=(ADDRESS=(PROTOCOL=TCP)(HOST=192.168.1.142)(PORT=1521)))(CONNECT_DATA=(SID=zknet10_test)(CID=(PROGRAM=D:\django_python10\Python25\python.exe)(HOST=2011-20120621LR)(USER=Administrator))))

  VERSION INFORMATION:
	TNS for 32-bit Windows: Version 11.2.0.3.0 - Production
	Windows NT TCP/IP NT Protocol Adapter for 32-bit Windows: Version 11.2.0.3.0 - Production
  Time: 09-DEC-2014 10:23:35
  Tracing not turned on.
  Tns error struct:
    ns main err code: 12564
    TNS-12564: Message 12564 not found; No message file for product=NETWORK, facility=TNS
    ns secondary err code: 0
    nt main err code: 0
    nt secondary err code: 0
    nt OS err code: 0


***********************************************************************
Fatal NI connect error 12505, connecting to:
 (DESCRIPTION=(ADDRESS_LIST=(ADDRESS=(PROTOCOL=TCP)(HOST=192.168.1.142)(PORT=1521)))(CONNECT_DATA=(SID=zknet10_test)(CID=(PROGRAM=D:\django_python10\Python25\python.exe)(HOST=2011-20120621LR)(USER=Administrator))))

  VERSION INFORMATION:
	TNS for 32-bit Windows: Version 11.2.0.3.0 - Production
	Windows NT TCP/IP NT Protocol Adapter for 32-bit Windows: Version 11.2.0.3.0 - Production
  Time: 09-DEC-2014 10:23:35
  Tracing not turned on.
  Tns error struct:
    ns main err code: 12564
    TNS-12564: Message 12564 not found; No message file for product=NETWORK, facility=TNS
    ns secondary err code: 0
    nt main err code: 0
    nt secondary err code: 0
    nt OS err code: 0


***********************************************************************
Fatal NI connect error 12505, connecting to:
 (DESCRIPTION=(ADDRESS_LIST=(ADDRESS=(PROTOCOL=TCP)(HOST=192.168.1.142)(PORT=1521)))(CONNECT_DATA=(SID=zknet10_test)(CID=(PROGRAM=D:\django_python10\Python25\python.exe)(HOST=2011-20120621LR)(USER=Administrator))))

  VERSION INFORMATION:
	TNS for 32-bit Windows: Version 11.2.0.3.0 - Production
	Windows NT TCP/IP NT Protocol Adapter for 32-bit Windows: Version 11.2.0.3.0 - Production
  Time: 09-DEC-2014 10:23:35
  Tracing not turned on.
  Tns error struct:
    ns main err code: 12564
    TNS-12564: Message 12564 not found; No message file for product=NETWORK, facility=TNS
    ns secondary err code: 0
    nt main err code: 0
    nt secondary err code: 0
    nt OS err code: 0


***********************************************************************
Fatal NI connect error 12505, connecting to:
 (DESCRIPTION=(ADDRESS_LIST=(ADDRESS=(PROTOCOL=TCP)(HOST=192.168.1.142)(PORT=1521)))(CONNECT_DATA=(SID=zknet10_test)(CID=(PROGRAM=D:\django_python10\Python25\python.exe)(HOST=2011-20120621LR)(USER=Administrator))))

  VERSION INFORMATION:
	TNS for 32-bit Windows: Version 11.2.0.3.0 - Production
	Windows NT TCP/IP NT Protocol Adapter for 32-bit Windows: Version 11.2.0.3.0 - Production
  Time: 09-DEC-2014 10:23:53
  Tracing not turned on.
  Tns error struct:
    ns main err code: 12564
    TNS-12564: Message 12564 not found; No message file for product=NETWORK, facility=TNS
    ns secondary err code: 0
    nt main err code: 0
    nt secondary err code: 0
    nt OS err code: 0


***********************************************************************
Fatal NI connect error 12505, connecting to:
 (DESCRIPTION=(ADDRESS_LIST=(ADDRESS=(PROTOCOL=TCP)(HOST=192.168.1.142)(PORT=1521)))(CONNECT_DATA=(SID=zknet10_test)(CID=(PROGRAM=D:\django_python10\Python25\python.exe)(HOST=2011-20120621LR)(USER=Administrator))))

  VERSION INFORMATION:
	TNS for 32-bit Windows: Version 11.2.0.3.0 - Production
	Windows NT TCP/IP NT Protocol Adapter for 32-bit Windows: Version 11.2.0.3.0 - Production
  Time: 09-DEC-2014 10:23:53
  Tracing not turned on.
  Tns error struct:
    ns main err code: 12564
    TNS-12564: Message 12564 not found; No message file for product=NETWORK, facility=TNS
    ns secondary err code: 0
    nt main err code: 0
    nt secondary err code: 0
    nt OS err code: 0


***********************************************************************
Fatal NI connect error 12505, connecting to:
 (DESCRIPTION=(ADDRESS_LIST=(ADDRESS=(PROTOCOL=TCP)(HOST=192.168.1.142)(PORT=1521)))(CONNECT_DATA=(SID=zknet10_test)(CID=(PROGRAM=D:\django_python10\Python25\python.exe)(HOST=2011-20120621LR)(USER=Administrator))))

  VERSION INFORMATION:
	TNS for 32-bit Windows: Version 11.2.0.3.0 - Production
	Windows NT TCP/IP NT Protocol Adapter for 32-bit Windows: Version 11.2.0.3.0 - Production
  Time: 09-DEC-2014 10:23:53
  Tracing not turned on.
  Tns error struct:
    ns main err code: 12564
    TNS-12564: Message 12564 not found; No message file for product=NETWORK, facility=TNS
    ns secondary err code: 0
    nt main err code: 0
    nt secondary err code: 0
    nt OS err code: 0


***********************************************************************
Fatal NI connect error 12505, connecting to:
 (DESCRIPTION=(ADDRESS_LIST=(ADDRESS=(PROTOCOL=TCP)(HOST=192.168.1.142)(PORT=1521)))(CONNECT_DATA=(SID=zknet10_test)(CID=(PROGRAM=D:\django_python10\Python25\python.exe)(HOST=2011-20120621LR)(USER=Administrator))))

  VERSION INFORMATION:
	TNS for 32-bit Windows: Version 11.2.0.3.0 - Production
	Windows NT TCP/IP NT Protocol Adapter for 32-bit Windows: Version 11.2.0.3.0 - Production
  Time: 09-DEC-2014 10:23:53
  Tracing not turned on.
  Tns error struct:
    ns main err code: 12564
    TNS-12564: Message 12564 not found; No message file for product=NETWORK, facility=TNS
    ns secondary err code: 0
    nt main err code: 0
    nt secondary err code: 0
    nt OS err code: 0


***********************************************************************
Fatal NI connect error 12505, connecting to:
 (DESCRIPTION=(ADDRESS_LIST=(ADDRESS=(PROTOCOL=TCP)(HOST=192.168.1.142)(PORT=1521)))(CONNECT_DATA=(SID=znet10_test)(CID=(PROGRAM=D:\django_python10\Python25\python.exe)(HOST=2011-20120621LR)(USER=Administrator))))

  VERSION INFORMATION:
	TNS for 32-bit Windows: Version 11.2.0.3.0 - Production
	Windows NT TCP/IP NT Protocol Adapter for 32-bit Windows: Version 11.2.0.3.0 - Production
  Time: 09-DEC-2014 10:26:28
  Tracing not turned on.
  Tns error struct:
    ns main err code: 12564
    TNS-12564: Message 12564 not found; No message file for product=NETWORK, facility=TNS
    ns secondary err code: 0
    nt main err code: 0
    nt secondary err code: 0
    nt OS err code: 0


***********************************************************************
Fatal NI connect error 12505, connecting to:
 (DESCRIPTION=(ADDRESS_LIST=(ADDRESS=(PROTOCOL=TCP)(HOST=192.168.1.142)(PORT=1521)))(CONNECT_DATA=(SID=znet10_test)(CID=(PROGRAM=D:\django_python10\Python25\python.exe)(HOST=2011-20120621LR)(USER=Administrator))))

  VERSION INFORMATION:
	TNS for 32-bit Windows: Version 11.2.0.3.0 - Production
	Windows NT TCP/IP NT Protocol Adapter for 32-bit Windows: Version 11.2.0.3.0 - Production
  Time: 09-DEC-2014 10:26:28
  Tracing not turned on.
  Tns error struct:
    ns main err code: 12564
    TNS-12564: Message 12564 not found; No message file for product=NETWORK, facility=TNS
    ns secondary err code: 0
    nt main err code: 0
    nt secondary err code: 0
    nt OS err code: 0


***********************************************************************
Fatal NI connect error 12505, connecting to:
 (DESCRIPTION=(ADDRESS_LIST=(ADDRESS=(PROTOCOL=TCP)(HOST=192.168.1.142)(PORT=1521)))(CONNECT_DATA=(SID=znet10_test)(CID=(PROGRAM=D:\django_python10\Python25\python.exe)(HOST=2011-20120621LR)(USER=Administrator))))

  VERSION INFORMATION:
	TNS for 32-bit Windows: Version 11.2.0.3.0 - Production
	Windows NT TCP/IP NT Protocol Adapter for 32-bit Windows: Version 11.2.0.3.0 - Production
  Time: 09-DEC-2014 10:26:28
  Tracing not turned on.
  Tns error struct:
    ns main err code: 12564
    TNS-12564: Message 12564 not found; No message file for product=NETWORK, facility=TNS
    ns secondary err code: 0
    nt main err code: 0
    nt secondary err code: 0
    nt OS err code: 0


***********************************************************************
Fatal NI connect error 12505, connecting to:
 (DESCRIPTION=(ADDRESS_LIST=(ADDRESS=(PROTOCOL=TCP)(HOST=192.168.1.142)(PORT=1521)))(CONNECT_DATA=(SID=znet10_test)(CID=(PROGRAM=D:\django_python10\Python25\python.exe)(HOST=2011-20120621LR)(USER=Administrator))))

  VERSION INFORMATION:
	TNS for 32-bit Windows: Version 11.2.0.3.0 - Production
	Windows NT TCP/IP NT Protocol Adapter for 32-bit Windows: Version 11.2.0.3.0 - Production
  Time: 09-DEC-2014 10:26:28
  Tracing not turned on.
  Tns error struct:
    ns main err code: 12564
    TNS-12564: Message 12564 not found; No message file for product=NETWORK, facility=TNS
    ns secondary err code: 0
    nt main err code: 0
    nt secondary err code: 0
    nt OS err code: 0


***********************************************************************
Fatal NI connect error 12541, connecting to:
 (DESCRIPTION=(ADDRESS_LIST=(ADDRESS=(PROTOCOL=TCP)(HOST=192.168.1.235)(PORT=1521)))(CONNECT_DATA=(SID=zknet)(CID=(PROGRAM=D:\django_python10\Python25\python.exe)(HOST=MICHAEL)(USER=wjz))))

  VERSION INFORMATION:
	TNS for 32-bit Windows: Version 11.2.0.3.0 - Production
	Windows NT TCP/IP NT Protocol Adapter for 32-bit Windows: Version 11.2.0.3.0 - Production
  Time: 10-JUL-2015 08:48:27
  Tracing not turned on.
  Tns error struct:
    ns main err code: 12541
    TNS-12541: Message 12541 not found; No message file for product=NETWORK, facility=TNS
    ns secondary err code: 12560
    nt main err code: 511
    TNS-00511: Message 511 not found; No message file for product=NETWORK, facility=TNS
    nt secondary err code: 61
    nt OS err code: 0


***********************************************************************
Fatal NI connect error 12541, connecting to:
 (DESCRIPTION=(ADDRESS_LIST=(ADDRESS=(PROTOCOL=TCP)(HOST=192.168.1.235)(PORT=1521)))(CONNECT_DATA=(SID=zknet)(CID=(PROGRAM=D:\django_python10\Python25\python.exe)(HOST=MICHAEL)(USER=wjz))))

  VERSION INFORMATION:
	TNS for 32-bit Windows: Version 11.2.0.3.0 - Production
	Windows NT TCP/IP NT Protocol Adapter for 32-bit Windows: Version 11.2.0.3.0 - Production
  Time: 10-JUL-2015 08:48:28
  Tracing not turned on.
  Tns error struct:
    ns main err code: 12541
    TNS-12541: Message 12541 not found; No message file for product=NETWORK, facility=TNS
    ns secondary err code: 12560
    nt main err code: 511
    TNS-00511: Message 511 not found; No message file for product=NETWORK, facility=TNS
    nt secondary err code: 61
    nt OS err code: 0


***********************************************************************
Fatal NI connect error 12541, connecting to:
 (DESCRIPTION=(ADDRESS_LIST=(ADDRESS=(PROTOCOL=TCP)(HOST=192.168.1.235)(PORT=1521)))(CONNECT_DATA=(SID=zknet)(CID=(PROGRAM=D:\django_python10\Python25\python.exe)(HOST=MICHAEL)(USER=wjz))))

  VERSION INFORMATION:
	TNS for 32-bit Windows: Version 11.2.0.3.0 - Production
	Windows NT TCP/IP NT Protocol Adapter for 32-bit Windows: Version 11.2.0.3.0 - Production
  Time: 10-JUL-2015 08:48:29
  Tracing not turned on.
  Tns error struct:
    ns main err code: 12541
    TNS-12541: Message 12541 not found; No message file for product=NETWORK, facility=TNS
    ns secondary err code: 12560
    nt main err code: 511
    TNS-00511: Message 511 not found; No message file for product=NETWORK, facility=TNS
    nt secondary err code: 61
    nt OS err code: 0


***********************************************************************
Fatal NI connect error 12541, connecting to:
 (DESCRIPTION=(ADDRESS_LIST=(ADDRESS=(PROTOCOL=TCP)(HOST=192.168.1.235)(PORT=1521)))(CONNECT_DATA=(SID=zknet)(CID=(PROGRAM=D:\django_python10\Python25\python.exe)(HOST=MICHAEL)(USER=wjz))))

  VERSION INFORMATION:
	TNS for 32-bit Windows: Version 11.2.0.3.0 - Production
	Windows NT TCP/IP NT Protocol Adapter for 32-bit Windows: Version 11.2.0.3.0 - Production
  Time: 10-JUL-2015 09:01:21
  Tracing not turned on.
  Tns error struct:
    ns main err code: 12541
    TNS-12541: Message 12541 not found; No message file for product=NETWORK, facility=TNS
    ns secondary err code: 12560
    nt main err code: 511
    TNS-00511: Message 511 not found; No message file for product=NETWORK, facility=TNS
    nt secondary err code: 61
    nt OS err code: 0


***********************************************************************
Fatal NI connect error 12541, connecting to:
 (DESCRIPTION=(ADDRESS_LIST=(ADDRESS=(PROTOCOL=TCP)(HOST=192.168.1.235)(PORT=1521)))(CONNECT_DATA=(SID=zknet)(CID=(PROGRAM=D:\django_python10\Python25\python.exe)(HOST=MICHAEL)(USER=wjz))))

  VERSION INFORMATION:
	TNS for 32-bit Windows: Version 11.2.0.3.0 - Production
	Windows NT TCP/IP NT Protocol Adapter for 32-bit Windows: Version 11.2.0.3.0 - Production
  Time: 10-JUL-2015 09:01:22
  Tracing not turned on.
  Tns error struct:
    ns main err code: 12541
    TNS-12541: Message 12541 not found; No message file for product=NETWORK, facility=TNS
    ns secondary err code: 12560
    nt main err code: 511
    TNS-00511: Message 511 not found; No message file for product=NETWORK, facility=TNS
    nt secondary err code: 61
    nt OS err code: 0


***********************************************************************
Fatal NI connect error 12541, connecting to:
 (DESCRIPTION=(ADDRESS_LIST=(ADDRESS=(PROTOCOL=TCP)(HOST=192.168.1.235)(PORT=1521)))(CONNECT_DATA=(SID=zknet)(CID=(PROGRAM=D:\django_python10\Python25\python.exe)(HOST=MICHAEL)(USER=wjz))))

  VERSION INFORMATION:
	TNS for 32-bit Windows: Version 11.2.0.3.0 - Production
	Windows NT TCP/IP NT Protocol Adapter for 32-bit Windows: Version 11.2.0.3.0 - Production
  Time: 10-JUL-2015 09:01:23
  Tracing not turned on.
  Tns error struct:
    ns main err code: 12541
    TNS-12541: Message 12541 not found; No message file for product=NETWORK, facility=TNS
    ns secondary err code: 12560
    nt main err code: 511
    TNS-00511: Message 511 not found; No message file for product=NETWORK, facility=TNS
    nt secondary err code: 61
    nt OS err code: 0


***********************************************************************
Fatal NI connect error 12541, connecting to:
 (DESCRIPTION=(ADDRESS_LIST=(ADDRESS=(PROTOCOL=TCP)(HOST=192.168.1.235)(PORT=1521)))(CONNECT_DATA=(SID=zknet)(CID=(PROGRAM=D:\django_python10\Python25\python.exe)(HOST=MICHAEL)(USER=wjz))))

  VERSION INFORMATION:
	TNS for 32-bit Windows: Version 11.2.0.3.0 - Production
	Windows NT TCP/IP NT Protocol Adapter for 32-bit Windows: Version 11.2.0.3.0 - Production
  Time: 10-JUL-2015 09:02:22
  Tracing not turned on.
  Tns error struct:
    ns main err code: 12541
    TNS-12541: Message 12541 not found; No message file for product=NETWORK, facility=TNS
    ns secondary err code: 12560
    nt main err code: 511
    TNS-00511: Message 511 not found; No message file for product=NETWORK, facility=TNS
    nt secondary err code: 61
    nt OS err code: 0


***********************************************************************
Fatal NI connect error 12541, connecting to:
 (DESCRIPTION=(ADDRESS_LIST=(ADDRESS=(PROTOCOL=TCP)(HOST=192.168.1.235)(PORT=1521)))(CONNECT_DATA=(SID=zknet)(CID=(PROGRAM=D:\django_python10\Python25\python.exe)(HOST=MICHAEL)(USER=wjz))))

  VERSION INFORMATION:
	TNS for 32-bit Windows: Version 11.2.0.3.0 - Production
	Windows NT TCP/IP NT Protocol Adapter for 32-bit Windows: Version 11.2.0.3.0 - Production
  Time: 10-JUL-2015 09:02:24
  Tracing not turned on.
  Tns error struct:
    ns main err code: 12541
    TNS-12541: Message 12541 not found; No message file for product=NETWORK, facility=TNS
    ns secondary err code: 12560
    nt main err code: 511
    TNS-00511: Message 511 not found; No message file for product=NETWORK, facility=TNS
    nt secondary err code: 61
    nt OS err code: 0


***********************************************************************
Fatal NI connect error 12541, connecting to:
 (DESCRIPTION=(ADDRESS_LIST=(ADDRESS=(PROTOCOL=TCP)(HOST=192.168.1.235)(PORT=1521)))(CONNECT_DATA=(SID=zknet)(CID=(PROGRAM=D:\django_python10\Python25\python.exe)(HOST=MICHAEL)(USER=wjz))))

  VERSION INFORMATION:
	TNS for 32-bit Windows: Version 11.2.0.3.0 - Production
	Windows NT TCP/IP NT Protocol Adapter for 32-bit Windows: Version 11.2.0.3.0 - Production
  Time: 10-JUL-2015 09:02:25
  Tracing not turned on.
  Tns error struct:
    ns main err code: 12541
    TNS-12541: Message 12541 not found; No message file for product=NETWORK, facility=TNS
    ns secondary err code: 12560
    nt main err code: 511
    TNS-00511: Message 511 not found; No message file for product=NETWORK, facility=TNS
    nt secondary err code: 61
    nt OS err code: 0


***********************************************************************
Fatal NI connect error 12541, connecting to:
 (DESCRIPTION=(ADDRESS_LIST=(ADDRESS=(PROTOCOL=TCP)(HOST=192.168.1.235)(PORT=1521)))(CONNECT_DATA=(SID=zknet)(CID=(PROGRAM=D:\django_python10\Python25\python.exe)(HOST=MICHAEL)(USER=wjz))))

  VERSION INFORMATION:
	TNS for 32-bit Windows: Version 11.2.0.3.0 - Production
	Windows NT TCP/IP NT Protocol Adapter for 32-bit Windows: Version 11.2.0.3.0 - Production
  Time: 10-JUL-2015 09:55:16
  Tracing not turned on.
  Tns error struct:
    ns main err code: 12541
    TNS-12541: Message 12541 not found; No message file for product=NETWORK, facility=TNS
    ns secondary err code: 12560
    nt main err code: 511
    TNS-00511: Message 511 not found; No message file for product=NETWORK, facility=TNS
    nt secondary err code: 61
    nt OS err code: 0


***********************************************************************
Fatal NI connect error 12541, connecting to:
 (DESCRIPTION=(ADDRESS_LIST=(ADDRESS=(PROTOCOL=TCP)(HOST=192.168.1.235)(PORT=1521)))(CONNECT_DATA=(SID=zknet)(CID=(PROGRAM=D:\django_python10\Python25\python.exe)(HOST=MICHAEL)(USER=wjz))))

  VERSION INFORMATION:
	TNS for 32-bit Windows: Version 11.2.0.3.0 - Production
	Windows NT TCP/IP NT Protocol Adapter for 32-bit Windows: Version 11.2.0.3.0 - Production
  Time: 10-JUL-2015 09:55:17
  Tracing not turned on.
  Tns error struct:
    ns main err code: 12541
    TNS-12541: Message 12541 not found; No message file for product=NETWORK, facility=TNS
    ns secondary err code: 12560
    nt main err code: 511
    TNS-00511: Message 511 not found; No message file for product=NETWORK, facility=TNS
    nt secondary err code: 61
    nt OS err code: 0


***********************************************************************
Fatal NI connect error 12541, connecting to:
 (DESCRIPTION=(ADDRESS_LIST=(ADDRESS=(PROTOCOL=TCP)(HOST=192.168.1.235)(PORT=1521)))(CONNECT_DATA=(SID=zknet)(CID=(PROGRAM=D:\django_python10\Python25\python.exe)(HOST=MICHAEL)(USER=wjz))))

  VERSION INFORMATION:
	TNS for 32-bit Windows: Version 11.2.0.3.0 - Production
	Windows NT TCP/IP NT Protocol Adapter for 32-bit Windows: Version 11.2.0.3.0 - Production
  Time: 10-JUL-2015 09:55:18
  Tracing not turned on.
  Tns error struct:
    ns main err code: 12541
    TNS-12541: Message 12541 not found; No message file for product=NETWORK, facility=TNS
    ns secondary err code: 12560
    nt main err code: 511
    TNS-00511: Message 511 not found; No message file for product=NETWORK, facility=TNS
    nt secondary err code: 61
    nt OS err code: 0


***********************************************************************
Fatal NI connect error 12170.

  VERSION INFORMATION:
	TNS for 32-bit Windows: Version 11.2.0.3.0 - Production
	Windows NT TCP/IP NT Protocol Adapter for 32-bit Windows: Version 11.2.0.3.0 - Production
  Time: 13-JUL-2015 12:57:04
  Tracing not turned on.
  Tns error struct:
    ns main err code: 12535
    TNS-12535: Message 12535 not found; No message file for product=NETWORK, facility=TNS
    ns secondary err code: 12560
    nt main err code: 505
    TNS-00505: Message 505 not found; No message file for product=NETWORK, facility=TNS
    nt secondary err code: 60
    nt OS err code: 0
  Client address: (ADDRESS=(PROTOCOL=tcp)(HOST=192.168.1.142)(PORT=1521))


***********************************************************************
Fatal NI connect error 12170.

  VERSION INFORMATION:
	TNS for 32-bit Windows: Version 11.2.0.3.0 - Production
	Windows NT TCP/IP NT Protocol Adapter for 32-bit Windows: Version 11.2.0.3.0 - Production
  Time: 13-JUL-2015 12:57:33
  Tracing not turned on.
  Tns error struct:
    ns main err code: 12535
    TNS-12535: Message 12535 not found; No message file for product=NETWORK, facility=TNS
    ns secondary err code: 12560
    nt main err code: 505
    TNS-00505: Message 505 not found; No message file for product=NETWORK, facility=TNS
    nt secondary err code: 60
    nt OS err code: 0
  Client address: (ADDRESS=(PROTOCOL=tcp)(HOST=192.168.1.142)(PORT=1521))


***********************************************************************
Fatal NI connect error 12170.

  VERSION INFORMATION:
	TNS for 32-bit Windows: Version 11.2.0.3.0 - Production
	Windows NT TCP/IP NT Protocol Adapter for 32-bit Windows: Version 11.2.0.3.0 - Production
  Time: 13-JUL-2015 12:57:56
  Tracing not turned on.
  Tns error struct:
    ns main err code: 12535
    TNS-12535: Message 12535 not found; No message file for product=NETWORK, facility=TNS
    ns secondary err code: 12560
    nt main err code: 505
    TNS-00505: Message 505 not found; No message file for product=NETWORK, facility=TNS
    nt secondary err code: 60
    nt OS err code: 0
  Client address: (ADDRESS=(PROTOCOL=tcp)(HOST=192.168.1.142)(PORT=1521))


***********************************************************************
Fatal NI connect error 12170.

  VERSION INFORMATION:
	TNS for 32-bit Windows: Version 11.2.0.3.0 - Production
	Windows NT TCP/IP NT Protocol Adapter for 32-bit Windows: Version 11.2.0.3.0 - Production
  Time: 13-JUL-2015 12:58:20
  Tracing not turned on.
  Tns error struct:
    ns main err code: 12535
    TNS-12535: Message 12535 not found; No message file for product=NETWORK, facility=TNS
    ns secondary err code: 12560
    nt main err code: 505
    TNS-00505: Message 505 not found; No message file for product=NETWORK, facility=TNS
    nt secondary err code: 60
    nt OS err code: 0
  Client address: (ADDRESS=(PROTOCOL=tcp)(HOST=192.168.1.142)(PORT=1521))


***********************************************************************
Fatal NI connect error 12170.

  VERSION INFORMATION:
	TNS for 32-bit Windows: Version 11.2.0.3.0 - Production
	Windows NT TCP/IP NT Protocol Adapter for 32-bit Windows: Version 11.2.0.3.0 - Production
  Time: 19-MAY-2016 09:26:07
  Tracing not turned on.
  Tns error struct:
    ns main err code: 12535
    TNS-12535: Message 12535 not found; No message file for product=NETWORK, facility=TNS
    ns secondary err code: 12560
    nt main err code: 505
    TNS-00505: Message 505 not found; No message file for product=NETWORK, facility=TNS
    nt secondary err code: 60
    nt OS err code: 0
  Client address: <unknown>


***********************************************************************
Fatal NI connect error 12170.

  VERSION INFORMATION:
	TNS for 32-bit Windows: Version 11.2.0.3.0 - Production
	Windows NT TCP/IP NT Protocol Adapter for 32-bit Windows: Version 11.2.0.3.0 - Production
  Time: 19-MAY-2016 09:27:05
  Tracing not turned on.
  Tns error struct:
    ns main err code: 12535
    TNS-12535: Message 12535 not found; No message file for product=NETWORK, facility=TNS
    ns secondary err code: 12560
    nt main err code: 505
    TNS-00505: Message 505 not found; No message file for product=NETWORK, facility=TNS
    nt secondary err code: 60
    nt OS err code: 0
  Client address: <unknown>


***********************************************************************
Fatal NI connect error 12170.

  VERSION INFORMATION:
	TNS for 32-bit Windows: Version 11.2.0.3.0 - Production
	Windows NT TCP/IP NT Protocol Adapter for 32-bit Windows: Version 11.2.0.3.0 - Production
  Time: 19-MAY-2016 09:28:05
  Tracing not turned on.
  Tns error struct:
    ns main err code: 12535
    TNS-12535: Message 12535 not found; No message file for product=NETWORK, facility=TNS
    ns secondary err code: 12560
    nt main err code: 505
    TNS-00505: Message 505 not found; No message file for product=NETWORK, facility=TNS
    nt secondary err code: 60
    nt OS err code: 0
  Client address: <unknown>


***********************************************************************
Fatal NI connect error 12170.

  VERSION INFORMATION:
	TNS for 32-bit Windows: Version 11.2.0.3.0 - Production
	Windows NT TCP/IP NT Protocol Adapter for 32-bit Windows: Version 11.2.0.3.0 - Production
  Time: 19-MAY-2016 09:29:05
  Tracing not turned on.
  Tns error struct:
    ns main err code: 12535
    TNS-12535: Message 12535 not found; No message file for product=NETWORK, facility=TNS
    ns secondary err code: 12560
    nt main err code: 505
    TNS-00505: Message 505 not found; No message file for product=NETWORK, facility=TNS
    nt secondary err code: 60
    nt OS err code: 0
  Client address: <unknown>


***********************************************************************
Fatal NI connect error 12505, connecting to:
 (DESCRIPTION=(ADDRESS_LIST=(ADDRESS=(PROTOCOL=TCP)(HOST=192.168.1.142)(PORT=1521)))(CONNECT_DATA=(SID=zknet)(CID=(PROGRAM=D:\django_python10\Python25\python.exe)(HOST=2011-20151114FZ)(USER=Administrator))))

  VERSION INFORMATION:
	TNS for 32-bit Windows: Version 11.2.0.3.0 - Production
	Windows NT TCP/IP NT Protocol Adapter for 32-bit Windows: Version 11.2.0.3.0 - Production
  Time: 30-JUN-2016 16:53:00
  Tracing not turned on.
  Tns error struct:
    ns main err code: 12564
    TNS-12564: Message 12564 not found; No message file for product=NETWORK, facility=TNS
    ns secondary err code: 0
    nt main err code: 0
    nt secondary err code: 0
    nt OS err code: 0


***********************************************************************
Fatal NI connect error 12505, connecting to:
 (DESCRIPTION=(ADDRESS_LIST=(ADDRESS=(PROTOCOL=TCP)(HOST=192.168.1.142)(PORT=1521)))(CONNECT_DATA=(SID=zknet)(CID=(PROGRAM=D:\django_python10\Python25\python.exe)(HOST=2011-20151114FZ)(USER=Administrator))))

  VERSION INFORMATION:
	TNS for 32-bit Windows: Version 11.2.0.3.0 - Production
	Windows NT TCP/IP NT Protocol Adapter for 32-bit Windows: Version 11.2.0.3.0 - Production
  Time: 30-JUN-2016 16:53:00
  Tracing not turned on.
  Tns error struct:
    ns main err code: 12564
    TNS-12564: Message 12564 not found; No message file for product=NETWORK, facility=TNS
    ns secondary err code: 0
    nt main err code: 0
    nt secondary err code: 0
    nt OS err code: 0


***********************************************************************
Fatal NI connect error 12505, connecting to:
 (DESCRIPTION=(ADDRESS_LIST=(ADDRESS=(PROTOCOL=TCP)(HOST=192.168.1.142)(PORT=1521)))(CONNECT_DATA=(SID=zknet)(CID=(PROGRAM=D:\django_python10\Python25\python.exe)(HOST=2011-20151114FZ)(USER=Administrator))))

  VERSION INFORMATION:
	TNS for 32-bit Windows: Version 11.2.0.3.0 - Production
	Windows NT TCP/IP NT Protocol Adapter for 32-bit Windows: Version 11.2.0.3.0 - Production
  Time: 30-JUN-2016 16:53:00
  Tracing not turned on.
  Tns error struct:
    ns main err code: 12564
    TNS-12564: Message 12564 not found; No message file for product=NETWORK, facility=TNS
    ns secondary err code: 0
    nt main err code: 0
    nt secondary err code: 0
    nt OS err code: 0


***********************************************************************
Fatal NI connect error 12505, connecting to:
 (DESCRIPTION=(ADDRESS_LIST=(ADDRESS=(PROTOCOL=TCP)(HOST=192.168.1.142)(PORT=1521)))(CONNECT_DATA=(SID=zknet)(CID=(PROGRAM=D:\django_python10\Python25\python.exe)(HOST=2011-20151114FZ)(USER=Administrator))))

  VERSION INFORMATION:
	TNS for 32-bit Windows: Version 11.2.0.3.0 - Production
	Windows NT TCP/IP NT Protocol Adapter for 32-bit Windows: Version 11.2.0.3.0 - Production
  Time: 30-JUN-2016 16:53:00
  Tracing not turned on.
  Tns error struct:
    ns main err code: 12564
    TNS-12564: Message 12564 not found; No message file for product=NETWORK, facility=TNS
    ns secondary err code: 0
    nt main err code: 0
    nt secondary err code: 0
    nt OS err code: 0


***********************************************************************
Fatal NI connect error 12505, connecting to:
 (DESCRIPTION=(ADDRESS_LIST=(ADDRESS=(PROTOCOL=TCP)(HOST=192.168.1.142)(PORT=1521)))(CONNECT_DATA=(SID=zknet)(CID=(PROGRAM=D:\django_python10\Python25\python.exe)(HOST=2011-20151114FZ)(USER=Administrator))))

  VERSION INFORMATION:
	TNS for 32-bit Windows: Version 11.2.0.3.0 - Production
	Windows NT TCP/IP NT Protocol Adapter for 32-bit Windows: Version 11.2.0.3.0 - Production
  Time: 30-JUN-2016 16:53:00
  Tracing not turned on.
  Tns error struct:
    ns main err code: 12564
    TNS-12564: Message 12564 not found; No message file for product=NETWORK, facility=TNS
    ns secondary err code: 0
    nt main err code: 0
    nt secondary err code: 0
    nt OS err code: 0


***********************************************************************
Fatal NI connect error 12505, connecting to:
 (DESCRIPTION=(ADDRESS_LIST=(ADDRESS=(PROTOCOL=TCP)(HOST=192.168.1.142)(PORT=1521)))(CONNECT_DATA=(SID=zknet)(CID=(PROGRAM=D:\django_python10\Python25\python.exe)(HOST=2011-20151114FZ)(USER=Administrator))))

  VERSION INFORMATION:
	TNS for 32-bit Windows: Version 11.2.0.3.0 - Production
	Windows NT TCP/IP NT Protocol Adapter for 32-bit Windows: Version 11.2.0.3.0 - Production
  Time: 30-JUN-2016 16:53:00
  Tracing not turned on.
  Tns error struct:
    ns main err code: 12564
    TNS-12564: Message 12564 not found; No message file for product=NETWORK, facility=TNS
    ns secondary err code: 0
    nt main err code: 0
    nt secondary err code: 0
    nt OS err code: 0


***********************************************************************
Fatal NI connect error 12505, connecting to:
 (DESCRIPTION=(ADDRESS_LIST=(ADDRESS=(PROTOCOL=TCP)(HOST=192.168.1.142)(PORT=1521)))(CONNECT_DATA=(SID=zknet)(CID=(PROGRAM=D:\django_python10\Python25\python.exe)(HOST=2011-20151114FZ)(USER=Administrator))))

  VERSION INFORMATION:
	TNS for 32-bit Windows: Version 11.2.0.3.0 - Production
	Windows NT TCP/IP NT Protocol Adapter for 32-bit Windows: Version 11.2.0.3.0 - Production
  Time: 30-JUN-2016 16:53:00
  Tracing not turned on.
  Tns error struct:
    ns main err code: 12564
    TNS-12564: Message 12564 not found; No message file for product=NETWORK, facility=TNS
    ns secondary err code: 0
    nt main err code: 0
    nt secondary err code: 0
    nt OS err code: 0


***********************************************************************
Fatal NI connect error 12505, connecting to:
 (DESCRIPTION=(ADDRESS_LIST=(ADDRESS=(PROTOCOL=TCP)(HOST=192.168.1.142)(PORT=1521)))(CONNECT_DATA=(SID=zknet)(CID=(PROGRAM=D:\django_python10\Python25\python.exe)(HOST=2011-20151114FZ)(USER=Administrator))))

  VERSION INFORMATION:
	TNS for 32-bit Windows: Version 11.2.0.3.0 - Production
	Windows NT TCP/IP NT Protocol Adapter for 32-bit Windows: Version 11.2.0.3.0 - Production
  Time: 30-JUN-2016 16:53:00
  Tracing not turned on.
  Tns error struct:
    ns main err code: 12564
    TNS-12564: Message 12564 not found; No message file for product=NETWORK, facility=TNS
    ns secondary err code: 0
    nt main err code: 0
    nt secondary err code: 0
    nt OS err code: 0


***********************************************************************
Fatal NI connect error 12505, connecting to:
 (DESCRIPTION=(ADDRESS_LIST=(ADDRESS=(PROTOCOL=TCP)(HOST=192.168.1.142)(PORT=1521)))(CONNECT_DATA=(SID=zknet)(CID=(PROGRAM=D:\django_python10\Python25\python.exe)(HOST=2011-20151114FZ)(USER=Administrator))))

  VERSION INFORMATION:
	TNS for 32-bit Windows: Version 11.2.0.3.0 - Production
	Windows NT TCP/IP NT Protocol Adapter for 32-bit Windows: Version 11.2.0.3.0 - Production
  Time: 30-JUN-2016 16:53:00
  Tracing not turned on.
  Tns error struct:
    ns main err code: 12564
    TNS-12564: Message 12564 not found; No message file for product=NETWORK, facility=TNS
    ns secondary err code: 0
    nt main err code: 0
    nt secondary err code: 0
    nt OS err code: 0


***********************************************************************
Fatal NI connect error 12505, connecting to:
 (DESCRIPTION=(ADDRESS_LIST=(ADDRESS=(PROTOCOL=TCP)(HOST=192.168.1.142)(PORT=1521)))(CONNECT_DATA=(SID=zknet)(CID=(PROGRAM=D:\django_python10\Python25\python.exe)(HOST=2011-20151114FZ)(USER=Administrator))))

  VERSION INFORMATION:
	TNS for 32-bit Windows: Version 11.2.0.3.0 - Production
	Windows NT TCP/IP NT Protocol Adapter for 32-bit Windows: Version 11.2.0.3.0 - Production
  Time: 30-JUN-2016 16:53:00
  Tracing not turned on.
  Tns error struct:
    ns main err code: 12564
    TNS-12564: Message 12564 not found; No message file for product=NETWORK, facility=TNS
    ns secondary err code: 0
    nt main err code: 0
    nt secondary err code: 0
    nt OS err code: 0


***********************************************************************
Fatal NI connect error 12505, connecting to:
 (DESCRIPTION=(ADDRESS_LIST=(ADDRESS=(PROTOCOL=TCP)(HOST=192.168.1.142)(PORT=1521)))(CONNECT_DATA=(SID=zknet)(CID=(PROGRAM=D:\django_python10\Python25\python.exe)(HOST=2011-20151114FZ)(USER=Administrator))))

  VERSION INFORMATION:
	TNS for 32-bit Windows: Version 11.2.0.3.0 - Production
	Windows NT TCP/IP NT Protocol Adapter for 32-bit Windows: Version 11.2.0.3.0 - Production
  Time: 30-JUN-2016 16:53:00
  Tracing not turned on.
  Tns error struct:
    ns main err code: 12564
    TNS-12564: Message 12564 not found; No message file for product=NETWORK, facility=TNS
    ns secondary err code: 0
    nt main err code: 0
    nt secondary err code: 0
    nt OS err code: 0


***********************************************************************
Fatal NI connect error 12505, connecting to:
 (DESCRIPTION=(ADDRESS_LIST=(ADDRESS=(PROTOCOL=TCP)(HOST=192.168.1.142)(PORT=1521)))(CONNECT_DATA=(SID=zknet)(CID=(PROGRAM=D:\django_python10\Python25\python.exe)(HOST=2011-20151114FZ)(USER=Administrator))))

  VERSION INFORMATION:
	TNS for 32-bit Windows: Version 11.2.0.3.0 - Production
	Windows NT TCP/IP NT Protocol Adapter for 32-bit Windows: Version 11.2.0.3.0 - Production
  Time: 30-JUN-2016 16:53:00
  Tracing not turned on.
  Tns error struct:
    ns main err code: 12564
    TNS-12564: Message 12564 not found; No message file for product=NETWORK, facility=TNS
    ns secondary err code: 0
    nt main err code: 0
    nt secondary err code: 0
    nt OS err code: 0


***********************************************************************
Fatal NI connect error 12505, connecting to:
 (DESCRIPTION=(ADDRESS_LIST=(ADDRESS=(PROTOCOL=TCP)(HOST=192.168.1.142)(PORT=1521)))(CONNECT_DATA=(SID=zknet)(CID=(PROGRAM=D:\django_python10\Python25\python.exe)(HOST=2011-20151114FZ)(USER=Administrator))))

  VERSION INFORMATION:
	TNS for 32-bit Windows: Version 11.2.0.3.0 - Production
	Windows NT TCP/IP NT Protocol Adapter for 32-bit Windows: Version 11.2.0.3.0 - Production
  Time: 30-JUN-2016 16:53:00
  Tracing not turned on.
  Tns error struct:
    ns main err code: 12564
    TNS-12564: Message 12564 not found; No message file for product=NETWORK, facility=TNS
    ns secondary err code: 0
    nt main err code: 0
    nt secondary err code: 0
    nt OS err code: 0


***********************************************************************
Fatal NI connect error 12505, connecting to:
 (DESCRIPTION=(ADDRESS_LIST=(ADDRESS=(PROTOCOL=TCP)(HOST=192.168.1.142)(PORT=1521)))(CONNECT_DATA=(SID=zknet)(CID=(PROGRAM=D:\django_python10\Python25\python.exe)(HOST=2011-20151114FZ)(USER=Administrator))))

  VERSION INFORMATION:
	TNS for 32-bit Windows: Version 11.2.0.3.0 - Production
	Windows NT TCP/IP NT Protocol Adapter for 32-bit Windows: Version 11.2.0.3.0 - Production
  Time: 30-JUN-2016 16:53:01
  Tracing not turned on.
  Tns error struct:
    ns main err code: 12564
    TNS-12564: Message 12564 not found; No message file for product=NETWORK, facility=TNS
    ns secondary err code: 0
    nt main err code: 0
    nt secondary err code: 0
    nt OS err code: 0


***********************************************************************
Fatal NI connect error 12505, connecting to:
 (DESCRIPTION=(ADDRESS_LIST=(ADDRESS=(PROTOCOL=TCP)(HOST=192.168.1.142)(PORT=1521)))(CONNECT_DATA=(SID=zknet)(CID=(PROGRAM=D:\django_python10\Python25\python.exe)(HOST=2011-20151114FZ)(USER=Administrator))))

  VERSION INFORMATION:
	TNS for 32-bit Windows: Version 11.2.0.3.0 - Production
	Windows NT TCP/IP NT Protocol Adapter for 32-bit Windows: Version 11.2.0.3.0 - Production
  Time: 30-JUN-2016 16:53:01
  Tracing not turned on.
  Tns error struct:
    ns main err code: 12564
    TNS-12564: Message 12564 not found; No message file for product=NETWORK, facility=TNS
    ns secondary err code: 0
    nt main err code: 0
    nt secondary err code: 0
    nt OS err code: 0


***********************************************************************
Fatal NI connect error 12505, connecting to:
 (DESCRIPTION=(ADDRESS_LIST=(ADDRESS=(PROTOCOL=TCP)(HOST=192.168.1.142)(PORT=1521)))(CONNECT_DATA=(SID=zknet)(CID=(PROGRAM=D:\django_python10\Python25\python.exe)(HOST=2011-20151114FZ)(USER=Administrator))))

  VERSION INFORMATION:
	TNS for 32-bit Windows: Version 11.2.0.3.0 - Production
	Windows NT TCP/IP NT Protocol Adapter for 32-bit Windows: Version 11.2.0.3.0 - Production
  Time: 30-JUN-2016 16:53:01
  Tracing not turned on.
  Tns error struct:
    ns main err code: 12564
    TNS-12564: Message 12564 not found; No message file for product=NETWORK, facility=TNS
    ns secondary err code: 0
    nt main err code: 0
    nt secondary err code: 0
    nt OS err code: 0


***********************************************************************
Fatal NI connect error 12505, connecting to:
 (DESCRIPTION=(ADDRESS_LIST=(ADDRESS=(PROTOCOL=TCP)(HOST=192.168.1.142)(PORT=1521)))(CONNECT_DATA=(SID=zknet)(CID=(PROGRAM=D:\django_python10\Python25\python.exe)(HOST=2011-20151114FZ)(USER=Administrator))))

  VERSION INFORMATION:
	TNS for 32-bit Windows: Version 11.2.0.3.0 - Production
	Windows NT TCP/IP NT Protocol Adapter for 32-bit Windows: Version 11.2.0.3.0 - Production
  Time: 22-JUL-2016 08:33:45
  Tracing not turned on.
  Tns error struct:
    ns main err code: 12564
    TNS-12564: Message 12564 not found; No message file for product=NETWORK, facility=TNS
    ns secondary err code: 0
    nt main err code: 0
    nt secondary err code: 0
    nt OS err code: 0


***********************************************************************
Fatal NI connect error 12505, connecting to:
 (DESCRIPTION=(ADDRESS_LIST=(ADDRESS=(PROTOCOL=TCP)(HOST=192.168.214.143)(PORT=1521)))(CONNECT_DATA=(SID=SERVICE_NAME_ORCL)(CID=(PROGRAM=E:\django_python11\Python27\python.exe)(HOST=DESKTOP-PTO34AC)(USER=michael))))

  VERSION INFORMATION:
	TNS for 64-bit Windows: Version 11.2.0.4.0 - Production
	Windows NT TCP/IP NT Protocol Adapter for 64-bit Windows: Version 11.2.0.4.0 - Production
  Time: 23-MAY-2017 08:40:57
  Tracing not turned on.
  Tns error struct:
    ns main err code: 12564
    TNS-12564: Message 12564 not found; No message file for product=NETWORK, facility=TNS
    ns secondary err code: 0
    nt main err code: 0
    nt secondary err code: 0
    nt OS err code: 0


***********************************************************************
Fatal NI connect error 12505, connecting to:
 (DESCRIPTION=(ADDRESS_LIST=(ADDRESS=(PROTOCOL=TCP)(HOST=192.168.214.143)(PORT=1521)))(CONNECT_DATA=(SID=SERVICE_NAME_ORCL)(CID=(PROGRAM=E:\django_python11\Python27\python.exe)(HOST=DESKTOP-PTO34AC)(USER=michael))))

  VERSION INFORMATION:
	TNS for 64-bit Windows: Version 11.2.0.4.0 - Production
	Windows NT TCP/IP NT Protocol Adapter for 64-bit Windows: Version 11.2.0.4.0 - Production
  Time: 23-MAY-2017 08:41:29
  Tracing not turned on.
  Tns error struct:
    ns main err code: 12564
    TNS-12564: Message 12564 not found; No message file for product=NETWORK, facility=TNS
    ns secondary err code: 0
    nt main err code: 0
    nt secondary err code: 0
    nt OS err code: 0


***********************************************************************
Fatal NI connect error 12505, connecting to:
 (DESCRIPTION=(ADDRESS_LIST=(ADDRESS=(PROTOCOL=TCP)(HOST=192.168.214.143)(PORT=1521)))(CONNECT_DATA=(SID=SERVICE_NAME_ORCL)(CID=(PROGRAM=E:\django_python11\Python27\python.exe)(HOST=DESKTOP-PTO34AC)(USER=michael))))

  VERSION INFORMATION:
	TNS for 64-bit Windows: Version 11.2.0.4.0 - Production
	Windows NT TCP/IP NT Protocol Adapter for 64-bit Windows: Version 11.2.0.4.0 - Production
  Time: 23-MAY-2017 08:42:14
  Tracing not turned on.
  Tns error struct:
    ns main err code: 12564
    TNS-12564: Message 12564 not found; No message file for product=NETWORK, facility=TNS
    ns secondary err code: 0
    nt main err code: 0
    nt secondary err code: 0
    nt OS err code: 0
